<?xml version='1.0' ?><testsuites name="Antaeus E2E Tests" tests="[0,0,0,0,0,1]"><testsuite name="Alonzo PV6 Tests" tests="0" /><testsuite name="Babbage PV7 Tests" tests="0" /><testsuite name="Babbage PV8 Tests" tests="0" /><testsuite name="Conway PV9 Tests" tests="0" /><testsuite name="Conway PV9 Governanace Tests" tests="0" /><testsuite name="agda Tests" tests="1"><testcase name="inlineDatumSpendTest" classname="agda Tests" time="2.100627143"><properties><property name="description" value="Spend funds locked by script by using inline datum and providing Plutus script in transaction as witness" /></properties></testcase></testsuite></testsuites>