<?xml version='1.0' ?><testsuites name="Antaeus E2E Tests" tests="[0,0,0,0,0,12]"><testsuite name="Alonzo PV6 Tests" tests="0" /><testsuite name="Babbage PV7 Tests" tests="0" /><testsuite name="Babbage PV8 Tests" tests="0" /><testsuite name="Conway PV9 Tests" tests="0" /><testsuite name="Conway PV9 Governanace Tests" tests="0" /><testsuite name="agda Tests" tests="12"><testcase name="smTest" classname="agda Tests" time="29.867452365"><properties><property name="description" value="Spend funds locked by script by using inline datum and providing Plutus script in transaction as witness" /></properties></testcase><testcase name="payWithoutEnoughSignaturesFailTest" classname="agda Tests" time="6.536472904"><properties><property name="description" value="Paying can&#39;t happen without enough sigs " /></properties></testcase><testcase name="payResultsInCollectingFailTest" classname="agda Tests" time="11.560942108"><properties><property name="description" value="Paying can&#39;t result in a Collecting state " /></properties></testcase><testcase name="cancelAfterDeadlineTest" classname="agda Tests" time="44.413993467"><properties><property name="description" value="Can Cancel after deadline" /></properties></testcase><testcase name="cancelBeforeDeadlineFailTest" classname="agda Tests" time="14.364196194"><properties><property name="description" value="Can&#39;t Cancel before deadline" /></properties></testcase><testcase name="addResultsInHoldingFailTest" classname="agda Tests" time="2.322892709"><properties><property name="description" value="Can&#39;t Add and end up in Holding state" /></properties></testcase><testcase name="addUnsigedSignatureFailTest" classname="agda Tests" time="6.34044303"><properties><property name="description" value="Can&#39;t Add signatures that haven&#39;t actually signed the transaction" /></properties></testcase><testcase name="addWrongSignatureFailTest" classname="agda Tests" time="5.417165304"><properties><property name="description" value="Can&#39;t Add signatures that are now authorized" /></properties></testcase><testcase name="proposeInCollectingFailTest" classname="agda Tests" time="7.378407643"><properties><property name="description" value="Can&#39;t Propose in Collecting state" /></properties></testcase><testcase name="cancelInHoldingFailTest" classname="agda Tests" time="4.312559133"><properties><property name="description" value="Can&#39;t Cancel in Holding state" /></properties></testcase><testcase name="payInHoldingFailTest" classname="agda Tests" time="2.339551333"><properties><property name="description" value="Can&#39;t Pay in Holding state" /></properties></testcase><testcase name="addInHoldingFailTest" classname="agda Tests" time="1.345459193"><properties><property name="description" value="Can&#39;t Add in Holding state" /></properties></testcase></testsuite></testsuites>