<?xml version='1.0' ?><testsuites name="Antaeus E2E Tests" tests="[0,0,0,0,0,4]"><testsuite name="Alonzo PV6 Tests" tests="0" /><testsuite name="Babbage PV7 Tests" tests="0" /><testsuite name="Babbage PV8 Tests" tests="0" /><testsuite name="Conway PV9 Tests" tests="0" /><testsuite name="Conway PV9 Governanace Tests" tests="0" /><testsuite name="agda Tests" tests="4"><testcase name="cancelAfterDeadlineTest" classname="agda Tests" time="33.415854133"><properties><property name="description" value="Can Cancel after deadline" /></properties></testcase><testcase name="cancelBeforeDeadlineFailTest" classname="agda Tests" time="4.386832152"><properties><property name="description" value="Can&#39;t Cancel before deadline" /></properties></testcase><testcase name="proposeInCollectingFailTest" classname="agda Tests" time="3.502944045"><properties><property name="description" value="Can&#39;t Propose in Collecting state" /></properties></testcase><testcase name="addInHoldingFailTest" classname="agda Tests" time="2.376998976"><properties><property name="description" value="Can&#39;t Add in Holding state" /></properties></testcase></testsuite></testsuites>