<?xml version='1.0' ?><testsuites name="Antaeus E2E Tests" tests="[0,0,0,0,0,2]"><testsuite name="Alonzo PV6 Tests" tests="0" /><testsuite name="Babbage PV7 Tests" tests="0" /><testsuite name="Babbage PV8 Tests" tests="0" /><testsuite name="Conway PV9 Tests" tests="0" /><testsuite name="Conway PV9 Governanace Tests" tests="0" /><testsuite name="agda Tests" tests="2"><testcase name="cancelResultsInCollectingFailTest" classname="agda Tests" time="32.430562288"><properties><property name="description" value="Can&#39;t Cancel and end up in Collecting" /></properties></testcase><testcase name="cancelAfterDeadlineTest" classname="agda Tests" time="35.38920454"><properties><property name="description" value="Can Cancel after deadline" /></properties></testcase></testsuite></testsuites>